2024-12-18 00:45:27 [32minfo[39m" [ Server ]: TraderMade simulator initialized
2024-12-18 00:45:28 [32minfo[39m" [ Database ]: Database (trading) creating...
2024-12-18 00:45:28 [32minfo[39m" [ Database ]: Password (12345) creating...
2024-12-18 00:45:28 [32minfo[39m" [ Database ]: Password (127.0.0.1) creating...
2024-12-18 00:45:28 [32minfo[39m" [ Database ]: Database (trading) creating...
2024-12-18 00:45:28 [32minfo[39m" [ Database ]: Password (12345) creating...
2024-12-18 00:45:28 [33mwarn[39m" [ Database ]: Database already exists. (trading)
2024-12-18 00:45:28 [32minfo[39m" [ Server ]: Server is started on 8000 port
2024-12-18 00:45:28 [32minfo[39m" [ Server ]: TraderMade simulator available at http://localhost:8000/api/v1
2024-12-18 01:50:51 [32minfo[39m" [ Server ]: TraderMade simulator initialized
2024-12-18 01:50:51 [32minfo[39m" [ Database ]: Database (trading) creating...
2024-12-18 01:50:51 [32minfo[39m" [ Database ]: Password (12345) creating...
2024-12-18 01:50:51 [32minfo[39m" [ Database ]: Password (127.0.0.1) creating...
2024-12-18 01:50:51 [32minfo[39m" [ Database ]: Database (trading) creating...
2024-12-18 01:50:51 [32minfo[39m" [ Database ]: Password (12345) creating...
2024-12-18 01:50:51 [33mwarn[39m" [ Database ]: Database already exists. (trading)
2024-12-18 01:50:51 [32minfo[39m" [ Server ]: Server is started on 8000 port
2024-12-18 01:50:51 [32minfo[39m" [ Server ]: TraderMade simulator available at http://localhost:8000/api/v1
2024-12-18 01:55:26 [32minfo[39m" [ Server ]: TraderMade simulator initialized
2024-12-18 01:55:26 [32minfo[39m" [ Database ]: Database (trading) creating...
2024-12-18 01:55:26 [32minfo[39m" [ Database ]: Password (12345) creating...
2024-12-18 01:55:26 [32minfo[39m" [ Database ]: Password (127.0.0.1) creating...
2024-12-18 01:55:27 [32minfo[39m" [ Database ]: Database (trading) creating...
2024-12-18 01:55:27 [32minfo[39m" [ Database ]: Password (12345) creating...
2024-12-18 01:55:27 [33mwarn[39m" [ Database ]: Database already exists. (trading)
2024-12-18 01:55:27 [32minfo[39m" [ Server ]: Server is started on 8000 port
2024-12-18 01:55:27 [32minfo[39m" [ Server ]: TraderMade simulator available at http://localhost:8000/api/v1
2024-12-18 02:56:09 [32minfo[39m" [ Server ]: TraderMade simulator initialized
2024-12-18 02:56:09 [32minfo[39m" [ Database ]: Database (trading) creating...
2024-12-18 02:56:09 [32minfo[39m" [ Database ]: Password (12345) creating...
2024-12-18 02:56:09 [32minfo[39m" [ Database ]: Password (127.0.0.1) creating...
2024-12-18 02:56:09 [32minfo[39m" [ Database ]: Database (trading) creating...
2024-12-18 02:56:09 [32minfo[39m" [ Database ]: Password (12345) creating...
2024-12-18 02:56:09 [33mwarn[39m" [ Database ]: Database already exists. (trading)
2024-12-18 02:56:09 [32minfo[39m" [ Server ]: Server is started on 8000 port
2024-12-18 02:56:09 [32minfo[39m" [ Server ]: TraderMade simulator available at http://localhost:8000/api/v1
2024-12-18 03:23:48 [32minfo[39m" [ Server ]: TraderMade simulator initialized
2024-12-18 03:23:48 [32minfo[39m" [ Database ]: Database (trading) creating...
2024-12-18 03:23:48 [32minfo[39m" [ Database ]: Password (12345) creating...
2024-12-18 03:23:48 [32minfo[39m" [ Database ]: Password (127.0.0.1) creating...
2024-12-18 03:23:48 [32minfo[39m" [ Database ]: Database (trading) creating...
2024-12-18 03:23:48 [32minfo[39m" [ Database ]: Password (12345) creating...
2024-12-18 03:23:48 [33mwarn[39m" [ Database ]: Database already exists. (trading)
2024-12-18 03:23:48 [32minfo[39m" [ Server ]: Server is started on 8000 port
2024-12-18 03:23:48 [32minfo[39m" [ Server ]: TraderMade simulator available at http://localhost:8000/api/v1
