2024-12-16 00:02:40 [32minfo[39m" [ Server ]: TraderMade simulator initialized
2024-12-16 00:02:40 [32minfo[39m" [ Database ]: Database (trading) creating...
2024-12-16 00:02:40 [32minfo[39m" [ Database ]: Password (12345) creating...
2024-12-16 00:02:40 [32minfo[39m" [ Database ]: Password (127.0.0.1) creating...
2024-12-16 00:02:41 [32minfo[39m" [ Database ]: Database (trading) creating...
2024-12-16 00:02:41 [32minfo[39m" [ Database ]: Password (12345) creating...
2024-12-16 00:02:41 [33mwarn[39m" [ Database ]: Database already exists. (trading)
2024-12-16 00:02:41 [31merror[39m" [ Database ]: Database connect failed... notNull Violation: Assets.assetId cannot be null
2024-12-16 00:03:53 [32minfo[39m" [ Server ]: TraderMade simulator initialized
2024-12-16 00:03:53 [32minfo[39m" [ Database ]: Database (trading) creating...
2024-12-16 00:03:53 [32minfo[39m" [ Database ]: Password (12345) creating...
2024-12-16 00:03:53 [32minfo[39m" [ Database ]: Password (127.0.0.1) creating...
2024-12-16 00:03:53 [32minfo[39m" [ Database ]: Database (trading) creating...
2024-12-16 00:03:53 [32minfo[39m" [ Database ]: Password (12345) creating...
2024-12-16 00:03:53 [33mwarn[39m" [ Database ]: Database already exists. (trading)
2024-12-16 00:03:53 [31merror[39m" [ Database ]: Database connect failed... notNull Violation: Assets.assetId cannot be null
2024-12-16 00:04:18 [32minfo[39m" [ Server ]: TraderMade simulator initialized
2024-12-16 00:04:18 [32minfo[39m" [ Database ]: Database (trading) creating...
2024-12-16 00:04:18 [32minfo[39m" [ Database ]: Password (12345) creating...
2024-12-16 00:04:18 [32minfo[39m" [ Database ]: Password (127.0.0.1) creating...
2024-12-16 00:04:18 [32minfo[39m" [ Database ]: Database (trading) creating...
2024-12-16 00:04:18 [32minfo[39m" [ Database ]: Password (12345) creating...
2024-12-16 00:04:18 [33mwarn[39m" [ Database ]: Database already exists. (trading)
2024-12-16 00:04:19 [31merror[39m" [ Database ]: Database connect failed... Field 'assetId' doesn't have a default value
2024-12-16 00:06:40 [32minfo[39m" [ Server ]: TraderMade simulator initialized
2024-12-16 00:06:40 [32minfo[39m" [ Database ]: Database (trading) creating...
2024-12-16 00:06:40 [32minfo[39m" [ Database ]: Password (12345) creating...
2024-12-16 00:06:40 [32minfo[39m" [ Database ]: Password (127.0.0.1) creating...
2024-12-16 00:06:40 [32minfo[39m" [ Database ]: Database (trading) creating...
2024-12-16 00:06:40 [32minfo[39m" [ Database ]: Password (12345) creating...
2024-12-16 00:06:40 [33mwarn[39m" [ Database ]: Database already exists. (trading)
2024-12-16 00:06:40 [31merror[39m" [ Database ]: Database connect failed... Field 'assetId' doesn't have a default value
2024-12-16 00:07:58 [32minfo[39m" [ Server ]: TraderMade simulator initialized
2024-12-16 00:07:58 [32minfo[39m" [ Database ]: Database (trading) creating...
2024-12-16 00:07:58 [32minfo[39m" [ Database ]: Password (12345) creating...
2024-12-16 00:07:58 [32minfo[39m" [ Database ]: Password (127.0.0.1) creating...
2024-12-16 00:07:59 [32minfo[39m" [ Database ]: Database (trading) creating...
2024-12-16 00:07:59 [32minfo[39m" [ Database ]: Password (12345) creating...
2024-12-16 00:07:59 [33mwarn[39m" [ Database ]: Database already exists. (trading)
2024-12-16 00:07:59 [31merror[39m" [ Database ]: Database connect failed... Field 'assetId' doesn't have a default value
2024-12-16 00:08:13 [32minfo[39m" [ Server ]: TraderMade simulator initialized
2024-12-16 00:08:13 [32minfo[39m" [ Database ]: Database (trading) creating...
2024-12-16 00:08:13 [32minfo[39m" [ Database ]: Password (12345) creating...
2024-12-16 00:08:13 [32minfo[39m" [ Database ]: Password (127.0.0.1) creating...
2024-12-16 00:08:13 [32minfo[39m" [ Database ]: Database (trading) creating...
2024-12-16 00:08:13 [32minfo[39m" [ Database ]: Password (12345) creating...
2024-12-16 00:08:13 [33mwarn[39m" [ Database ]: Database already exists. (trading)
2024-12-16 00:08:14 [31merror[39m" [ Database ]: Database connect failed... Field 'assetId' doesn't have a default value
2024-12-16 00:08:40 [32minfo[39m" [ Server ]: TraderMade simulator initialized
2024-12-16 00:08:40 [32minfo[39m" [ Database ]: Database (trading) creating...
2024-12-16 00:08:40 [32minfo[39m" [ Database ]: Password (12345) creating...
2024-12-16 00:08:40 [32minfo[39m" [ Database ]: Password (127.0.0.1) creating...
2024-12-16 00:08:40 [32minfo[39m" [ Database ]: Database (trading) creating...
2024-12-16 00:08:40 [32minfo[39m" [ Database ]: Password (12345) creating...
2024-12-16 00:08:40 [33mwarn[39m" [ Database ]: Database already exists. (trading)
2024-12-16 00:08:41 [32minfo[39m" [ Server ]: Server is started on 8000 port
2024-12-16 00:08:41 [32minfo[39m" [ Server ]: TraderMade simulator available at http://localhost:8000/api/v1
2024-12-16 00:10:14 [32minfo[39m" [ Server ]: TraderMade simulator initialized
2024-12-16 00:10:14 [32minfo[39m" [ Database ]: Database (trading) creating...
2024-12-16 00:10:14 [32minfo[39m" [ Database ]: Password (12345) creating...
2024-12-16 00:10:14 [32minfo[39m" [ Database ]: Password (127.0.0.1) creating...
2024-12-16 00:10:15 [32minfo[39m" [ Database ]: Database (trading) creating...
2024-12-16 00:10:15 [32minfo[39m" [ Database ]: Password (12345) creating...
2024-12-16 00:10:15 [33mwarn[39m" [ Database ]: Database already exists. (trading)
2024-12-16 00:10:15 [32minfo[39m" [ Server ]: Server is started on 8000 port
2024-12-16 00:10:15 [32minfo[39m" [ Server ]: TraderMade simulator available at http://localhost:8000/api/v1
2024-12-16 00:12:22 [32minfo[39m" [ Server ]: TraderMade simulator initialized
2024-12-16 00:12:22 [32minfo[39m" [ Database ]: Database (trading) creating...
2024-12-16 00:12:22 [32minfo[39m" [ Database ]: Password (12345) creating...
2024-12-16 00:12:22 [32minfo[39m" [ Database ]: Password (127.0.0.1) creating...
2024-12-16 00:12:22 [32minfo[39m" [ Database ]: Database (trading) creating...
2024-12-16 00:12:22 [32minfo[39m" [ Database ]: Password (12345) creating...
2024-12-16 00:12:22 [33mwarn[39m" [ Database ]: Database already exists. (trading)
2024-12-16 00:12:22 [31merror[39m" [ Database ]: Database connect failed... notNull Violation: Formula.assetId cannot be null
2024-12-16 00:13:07 [32minfo[39m" [ Server ]: TraderMade simulator initialized
2024-12-16 00:13:07 [32minfo[39m" [ Database ]: Database (trading) creating...
2024-12-16 00:13:07 [32minfo[39m" [ Database ]: Password (12345) creating...
2024-12-16 00:13:07 [32minfo[39m" [ Database ]: Password (127.0.0.1) creating...
2024-12-16 00:13:07 [32minfo[39m" [ Database ]: Database (trading) creating...
2024-12-16 00:13:07 [32minfo[39m" [ Database ]: Password (12345) creating...
2024-12-16 00:13:07 [33mwarn[39m" [ Database ]: Database already exists. (trading)
2024-12-16 00:13:07 [31merror[39m" [ Database ]: Database connect failed... Cannot truncate a table referenced in a foreign key constraint (`trading`.`formula`, CONSTRAINT `formula_ibfk_1`)
2024-12-16 00:14:30 [32minfo[39m" [ Server ]: TraderMade simulator initialized
2024-12-16 00:14:30 [32minfo[39m" [ Database ]: Database (trading) creating...
2024-12-16 00:14:30 [32minfo[39m" [ Database ]: Password (12345) creating...
2024-12-16 00:14:30 [32minfo[39m" [ Database ]: Password (127.0.0.1) creating...
2024-12-16 00:14:30 [32minfo[39m" [ Database ]: Database (trading) creating...
2024-12-16 00:14:30 [32minfo[39m" [ Database ]: Password (12345) creating...
2024-12-16 00:14:30 [33mwarn[39m" [ Database ]: Database already exists. (trading)
2024-12-16 00:14:30 [31merror[39m" [ Database ]: Database connect failed... Cannot truncate a table referenced in a foreign key constraint (`trading`.`formula`, CONSTRAINT `formula_ibfk_1`)
2024-12-16 00:15:01 [32minfo[39m" [ Server ]: TraderMade simulator initialized
2024-12-16 00:15:01 [32minfo[39m" [ Database ]: Database (trading) creating...
2024-12-16 00:15:01 [32minfo[39m" [ Database ]: Password (12345) creating...
2024-12-16 00:15:01 [32minfo[39m" [ Database ]: Password (127.0.0.1) creating...
2024-12-16 00:15:01 [32minfo[39m" [ Database ]: Database (trading) creating...
2024-12-16 00:15:01 [32minfo[39m" [ Database ]: Password (12345) creating...
2024-12-16 00:15:01 [33mwarn[39m" [ Database ]: Database already exists. (trading)
2024-12-16 00:15:01 [31merror[39m" [ Database ]: Database connect failed... Cannot truncate a table referenced in a foreign key constraint (`trading`.`formula`, CONSTRAINT `formula_ibfk_1`)
2024-12-16 00:16:11 [32minfo[39m" [ Server ]: TraderMade simulator initialized
2024-12-16 00:16:11 [32minfo[39m" [ Database ]: Database (trading) creating...
2024-12-16 00:16:11 [32minfo[39m" [ Database ]: Password (12345) creating...
2024-12-16 00:16:11 [32minfo[39m" [ Database ]: Password (127.0.0.1) creating...
2024-12-16 00:16:11 [32minfo[39m" [ Database ]: Database (trading) creating...
2024-12-16 00:16:11 [32minfo[39m" [ Database ]: Password (12345) creating...
2024-12-16 00:16:11 [33mwarn[39m" [ Database ]: Database already exists. (trading)
2024-12-16 00:16:12 [32minfo[39m" [ Server ]: Server is started on 8000 port
2024-12-16 00:16:12 [32minfo[39m" [ Server ]: TraderMade simulator available at http://localhost:8000/api/v1
2024-12-16 00:16:57 [32minfo[39m" [ Server ]: TraderMade simulator initialized
2024-12-16 00:16:57 [32minfo[39m" [ Database ]: Database (trading) creating...
2024-12-16 00:16:57 [32minfo[39m" [ Database ]: Password (12345) creating...
2024-12-16 00:16:57 [32minfo[39m" [ Database ]: Password (127.0.0.1) creating...
2024-12-16 00:16:57 [32minfo[39m" [ Database ]: Database (trading) creating...
2024-12-16 00:16:57 [32minfo[39m" [ Database ]: Password (12345) creating...
2024-12-16 00:16:57 [33mwarn[39m" [ Database ]: Database already exists. (trading)
2024-12-16 00:16:57 [32minfo[39m" [ Server ]: Server is started on 8000 port
2024-12-16 00:16:57 [32minfo[39m" [ Server ]: TraderMade simulator available at http://localhost:8000/api/v1
2024-12-16 00:19:51 [32minfo[39m" [ Server ]: TraderMade simulator initialized
2024-12-16 00:19:51 [32minfo[39m" [ Database ]: Database (trading) creating...
2024-12-16 00:19:51 [32minfo[39m" [ Database ]: Password (12345) creating...
2024-12-16 00:19:51 [32minfo[39m" [ Database ]: Password (127.0.0.1) creating...
2024-12-16 00:19:51 [32minfo[39m" [ Database ]: Database (trading) creating...
2024-12-16 00:19:51 [32minfo[39m" [ Database ]: Password (12345) creating...
2024-12-16 00:19:51 [33mwarn[39m" [ Database ]: Database already exists. (trading)
2024-12-16 00:19:51 [32minfo[39m" [ Server ]: Server is started on 8000 port
2024-12-16 00:19:51 [32minfo[39m" [ Server ]: TraderMade simulator available at http://localhost:8000/api/v1
2024-12-16 00:20:37 [32minfo[39m" [ Server ]: TraderMade simulator initialized
2024-12-16 00:20:37 [32minfo[39m" [ Database ]: Database (trading) creating...
2024-12-16 00:20:37 [32minfo[39m" [ Database ]: Password (12345) creating...
2024-12-16 00:20:37 [32minfo[39m" [ Database ]: Password (127.0.0.1) creating...
2024-12-16 00:20:37 [32minfo[39m" [ Database ]: Database (trading) creating...
2024-12-16 00:20:37 [32minfo[39m" [ Database ]: Password (12345) creating...
2024-12-16 00:20:37 [33mwarn[39m" [ Database ]: Database already exists. (trading)
2024-12-16 00:20:37 [31merror[39m" [ Database ]: Database connect failed... Cannot truncate a table referenced in a foreign key constraint (`trading`.`formula`, CONSTRAINT `formula_ibfk_1`)
2024-12-16 00:24:06 [32minfo[39m" [ Server ]: TraderMade simulator initialized
2024-12-16 00:24:06 [32minfo[39m" [ Database ]: Database (trading) creating...
2024-12-16 00:24:06 [32minfo[39m" [ Database ]: Password (12345) creating...
2024-12-16 00:24:06 [32minfo[39m" [ Database ]: Password (127.0.0.1) creating...
2024-12-16 00:24:06 [32minfo[39m" [ Database ]: Database (trading) creating...
2024-12-16 00:24:06 [32minfo[39m" [ Database ]: Password (12345) creating...
2024-12-16 00:24:06 [33mwarn[39m" [ Database ]: Database already exists. (trading)
2024-12-16 00:24:06 [32minfo[39m" [ Server ]: Server is started on 8000 port
2024-12-16 00:24:06 [32minfo[39m" [ Server ]: TraderMade simulator available at http://localhost:8000/api/v1
2024-12-16 00:24:40 [32minfo[39m" [ Server ]: TraderMade simulator initialized
2024-12-16 00:24:40 [32minfo[39m" [ Database ]: Database (trading) creating...
2024-12-16 00:24:40 [32minfo[39m" [ Database ]: Password (12345) creating...
2024-12-16 00:24:40 [32minfo[39m" [ Database ]: Password (127.0.0.1) creating...
2024-12-16 00:24:40 [32minfo[39m" [ Database ]: Database (trading) creating...
2024-12-16 00:24:40 [32minfo[39m" [ Database ]: Password (12345) creating...
2024-12-16 00:24:40 [33mwarn[39m" [ Database ]: Database already exists. (trading)
2024-12-16 00:24:40 [32minfo[39m" [ Server ]: Server is started on 8000 port
2024-12-16 00:24:40 [32minfo[39m" [ Server ]: TraderMade simulator available at http://localhost:8000/api/v1
2024-12-16 00:25:05 [32minfo[39m" [ Server ]: TraderMade simulator initialized
2024-12-16 00:25:05 [32minfo[39m" [ Database ]: Database (trading) creating...
2024-12-16 00:25:05 [32minfo[39m" [ Database ]: Password (12345) creating...
2024-12-16 00:25:05 [32minfo[39m" [ Database ]: Password (127.0.0.1) creating...
2024-12-16 00:25:05 [32minfo[39m" [ Database ]: Database (trading) creating...
2024-12-16 00:25:05 [32minfo[39m" [ Database ]: Password (12345) creating...
2024-12-16 00:25:05 [33mwarn[39m" [ Database ]: Database already exists. (trading)
2024-12-16 00:25:06 [32minfo[39m" [ Server ]: Server is started on 8000 port
2024-12-16 00:25:06 [32minfo[39m" [ Server ]: TraderMade simulator available at http://localhost:8000/api/v1
2024-12-16 00:40:58 [32minfo[39m" [ Server ]: TraderMade simulator initialized
2024-12-16 00:40:58 [32minfo[39m" [ Database ]: Database (trading) creating...
2024-12-16 00:40:58 [32minfo[39m" [ Database ]: Password (12345) creating...
2024-12-16 00:40:58 [32minfo[39m" [ Database ]: Password (127.0.0.1) creating...
2024-12-16 00:40:58 [32minfo[39m" [ Database ]: Database (trading) creating...
2024-12-16 00:40:58 [32minfo[39m" [ Database ]: Password (12345) creating...
2024-12-16 00:40:58 [33mwarn[39m" [ Database ]: Database already exists. (trading)
2024-12-16 00:40:59 [32minfo[39m" [ Server ]: Server is started on 8000 port
2024-12-16 00:40:59 [32minfo[39m" [ Server ]: TraderMade simulator available at http://localhost:8000/api/v1
2024-12-16 00:41:34 [32minfo[39m" [ Server ]: TraderMade simulator initialized
2024-12-16 00:41:34 [32minfo[39m" [ Database ]: Database (trading) creating...
2024-12-16 00:41:34 [32minfo[39m" [ Database ]: Password (12345) creating...
2024-12-16 00:41:34 [32minfo[39m" [ Database ]: Password (127.0.0.1) creating...
2024-12-16 00:41:34 [32minfo[39m" [ Database ]: Database (trading) creating...
2024-12-16 00:41:34 [32minfo[39m" [ Database ]: Password (12345) creating...
2024-12-16 00:41:34 [33mwarn[39m" [ Database ]: Database already exists. (trading)
2024-12-16 00:41:34 [32minfo[39m" [ Server ]: Server is started on 8000 port
2024-12-16 00:41:34 [32minfo[39m" [ Server ]: TraderMade simulator available at http://localhost:8000/api/v1
2024-12-16 00:42:14 [32minfo[39m" [ Server ]: TraderMade simulator initialized
2024-12-16 00:42:14 [32minfo[39m" [ Database ]: Database (trading) creating...
2024-12-16 00:42:14 [32minfo[39m" [ Database ]: Password (12345) creating...
2024-12-16 00:42:14 [32minfo[39m" [ Database ]: Password (127.0.0.1) creating...
2024-12-16 00:42:14 [32minfo[39m" [ Database ]: Database (trading) creating...
2024-12-16 00:42:14 [32minfo[39m" [ Database ]: Password (12345) creating...
2024-12-16 00:42:14 [33mwarn[39m" [ Database ]: Database already exists. (trading)
2024-12-16 00:42:14 [32minfo[39m" [ Server ]: Server is started on 8000 port
2024-12-16 00:42:14 [32minfo[39m" [ Server ]: TraderMade simulator available at http://localhost:8000/api/v1
2024-12-16 01:21:44 [32minfo[39m" [ Server ]: TraderMade simulator initialized
2024-12-16 01:21:44 [32minfo[39m" [ Database ]: Database (trading) creating...
2024-12-16 01:21:44 [32minfo[39m" [ Database ]: Password (12345) creating...
2024-12-16 01:21:44 [32minfo[39m" [ Database ]: Password (127.0.0.1) creating...
2024-12-16 01:21:45 [32minfo[39m" [ Database ]: Database (trading) creating...
2024-12-16 01:21:45 [32minfo[39m" [ Database ]: Password (12345) creating...
2024-12-16 01:21:45 [33mwarn[39m" [ Database ]: Database already exists. (trading)
2024-12-16 01:21:45 [32minfo[39m" [ Server ]: Server is started on 8000 port
2024-12-16 01:21:45 [32minfo[39m" [ Server ]: TraderMade simulator available at http://localhost:8000/api/v1
2024-12-16 01:25:36 [32minfo[39m" [ Server ]: TraderMade simulator initialized
2024-12-16 01:25:36 [32minfo[39m" [ Database ]: Database (trading) creating...
2024-12-16 01:25:36 [32minfo[39m" [ Database ]: Password (12345) creating...
2024-12-16 01:25:36 [32minfo[39m" [ Database ]: Password (127.0.0.1) creating...
2024-12-16 01:25:36 [32minfo[39m" [ Database ]: Database (trading) creating...
2024-12-16 01:25:36 [32minfo[39m" [ Database ]: Password (12345) creating...
2024-12-16 01:25:36 [33mwarn[39m" [ Database ]: Database already exists. (trading)
2024-12-16 01:25:36 [32minfo[39m" [ Server ]: Server is started on 8000 port
2024-12-16 01:25:36 [32minfo[39m" [ Server ]: TraderMade simulator available at http://localhost:8000/api/v1
2024-12-16 02:06:02 [32minfo[39m" [ Server ]: TraderMade simulator initialized
2024-12-16 02:06:02 [32minfo[39m" [ Database ]: Database (trading) creating...
2024-12-16 02:06:02 [32minfo[39m" [ Database ]: Password (12345) creating...
2024-12-16 02:06:02 [32minfo[39m" [ Database ]: Password (127.0.0.1) creating...
2024-12-16 02:06:02 [32minfo[39m" [ Database ]: Database (trading) creating...
2024-12-16 02:06:02 [32minfo[39m" [ Database ]: Password (12345) creating...
2024-12-16 02:06:02 [33mwarn[39m" [ Database ]: Database already exists. (trading)
2024-12-16 02:06:02 [32minfo[39m" [ Server ]: Server is started on 8000 port
2024-12-16 02:06:02 [32minfo[39m" [ Server ]: TraderMade simulator available at http://localhost:8000/api/v1
2024-12-16 02:06:23 [32minfo[39m" [ Server ]: TraderMade simulator initialized
2024-12-16 02:06:23 [32minfo[39m" [ Database ]: Database (trading) creating...
2024-12-16 02:06:23 [32minfo[39m" [ Database ]: Password (12345) creating...
2024-12-16 02:06:23 [32minfo[39m" [ Database ]: Password (127.0.0.1) creating...
2024-12-16 02:06:23 [32minfo[39m" [ Database ]: Database (trading) creating...
2024-12-16 02:06:23 [32minfo[39m" [ Database ]: Password (12345) creating...
2024-12-16 02:06:23 [33mwarn[39m" [ Database ]: Database already exists. (trading)
2024-12-16 02:06:23 [32minfo[39m" [ Server ]: Server is started on 8000 port
2024-12-16 02:06:23 [32minfo[39m" [ Server ]: TraderMade simulator available at http://localhost:8000/api/v1
2024-12-16 02:17:33 [32minfo[39m" [ Server ]: TraderMade simulator initialized
2024-12-16 02:17:33 [32minfo[39m" [ Database ]: Database (trading) creating...
2024-12-16 02:17:33 [32minfo[39m" [ Database ]: Password (12345) creating...
2024-12-16 02:17:33 [32minfo[39m" [ Database ]: Password (127.0.0.1) creating...
2024-12-16 02:17:33 [32minfo[39m" [ Database ]: Database (trading) creating...
2024-12-16 02:17:33 [32minfo[39m" [ Database ]: Password (12345) creating...
2024-12-16 02:17:33 [33mwarn[39m" [ Database ]: Database already exists. (trading)
2024-12-16 02:17:33 [32minfo[39m" [ Server ]: Server is started on 8000 port
2024-12-16 02:17:33 [32minfo[39m" [ Server ]: TraderMade simulator available at http://localhost:8000/api/v1
2024-12-16 02:34:59 [32minfo[39m" [ Server ]: TraderMade simulator initialized
2024-12-16 02:34:59 [32minfo[39m" [ Database ]: Database (trading) creating...
2024-12-16 02:34:59 [32minfo[39m" [ Database ]: Password (12345) creating...
2024-12-16 02:34:59 [32minfo[39m" [ Database ]: Password (127.0.0.1) creating...
2024-12-16 02:34:59 [32minfo[39m" [ Database ]: Database (trading) creating...
2024-12-16 02:34:59 [32minfo[39m" [ Database ]: Password (12345) creating...
2024-12-16 02:34:59 [33mwarn[39m" [ Database ]: Database already exists. (trading)
2024-12-16 02:35:00 [32minfo[39m" [ Server ]: Server is started on 8000 port
2024-12-16 02:35:00 [32minfo[39m" [ Server ]: TraderMade simulator available at http://localhost:8000/api/v1
2024-12-16 03:17:50 [32minfo[39m" [ Server ]: TraderMade simulator initialized
2024-12-16 03:17:50 [32minfo[39m" [ Database ]: Database (trading) creating...
2024-12-16 03:17:50 [32minfo[39m" [ Database ]: Password (12345) creating...
2024-12-16 03:17:50 [32minfo[39m" [ Database ]: Password (127.0.0.1) creating...
2024-12-16 03:17:50 [32minfo[39m" [ Database ]: Database (trading) creating...
2024-12-16 03:17:50 [32minfo[39m" [ Database ]: Password (12345) creating...
2024-12-16 03:17:50 [33mwarn[39m" [ Database ]: Database already exists. (trading)
2024-12-16 03:17:50 [32minfo[39m" [ Server ]: Server is started on 8000 port
2024-12-16 03:17:50 [32minfo[39m" [ Server ]: TraderMade simulator available at http://localhost:8000/api/v1
2024-12-16 03:18:46 [32minfo[39m" [ Server ]: TraderMade simulator initialized
2024-12-16 03:18:46 [32minfo[39m" [ Database ]: Database (trading) creating...
2024-12-16 03:18:46 [32minfo[39m" [ Database ]: Password (12345) creating...
2024-12-16 03:18:46 [32minfo[39m" [ Database ]: Password (127.0.0.1) creating...
2024-12-16 03:18:46 [32minfo[39m" [ Database ]: Database (trading) creating...
2024-12-16 03:18:46 [32minfo[39m" [ Database ]: Password (12345) creating...
2024-12-16 03:18:46 [33mwarn[39m" [ Database ]: Database already exists. (trading)
2024-12-16 03:18:47 [32minfo[39m" [ Server ]: Server is started on 8000 port
2024-12-16 03:18:47 [32minfo[39m" [ Server ]: TraderMade simulator available at http://localhost:8000/api/v1
2024-12-16 03:19:38 [32minfo[39m" [ Server ]: TraderMade simulator initialized
2024-12-16 03:19:38 [32minfo[39m" [ Database ]: Database (trading) creating...
2024-12-16 03:19:38 [32minfo[39m" [ Database ]: Password (12345) creating...
2024-12-16 03:19:38 [32minfo[39m" [ Database ]: Password (127.0.0.1) creating...
2024-12-16 03:19:38 [32minfo[39m" [ Database ]: Database (trading) creating...
2024-12-16 03:19:38 [32minfo[39m" [ Database ]: Password (12345) creating...
2024-12-16 03:19:38 [33mwarn[39m" [ Database ]: Database already exists. (trading)
2024-12-16 03:19:38 [32minfo[39m" [ Server ]: Server is started on 8000 port
2024-12-16 03:19:38 [32minfo[39m" [ Server ]: TraderMade simulator available at http://localhost:8000/api/v1
2024-12-16 03:20:28 [32minfo[39m" [ Server ]: TraderMade simulator initialized
2024-12-16 03:20:28 [32minfo[39m" [ Database ]: Database (trading) creating...
2024-12-16 03:20:28 [32minfo[39m" [ Database ]: Password (12345) creating...
2024-12-16 03:20:28 [32minfo[39m" [ Database ]: Password (127.0.0.1) creating...
2024-12-16 03:20:28 [32minfo[39m" [ Database ]: Database (trading) creating...
2024-12-16 03:20:28 [32minfo[39m" [ Database ]: Password (12345) creating...
2024-12-16 03:20:28 [33mwarn[39m" [ Database ]: Database already exists. (trading)
2024-12-16 03:20:28 [32minfo[39m" [ Server ]: Server is started on 8000 port
2024-12-16 03:20:28 [32minfo[39m" [ Server ]: TraderMade simulator available at http://localhost:8000/api/v1
2024-12-16 03:21:35 [32minfo[39m" [ Server ]: TraderMade simulator initialized
2024-12-16 03:21:35 [32minfo[39m" [ Database ]: Database (trading) creating...
2024-12-16 03:21:35 [32minfo[39m" [ Database ]: Password (12345) creating...
2024-12-16 03:21:35 [32minfo[39m" [ Database ]: Password (127.0.0.1) creating...
2024-12-16 03:21:35 [32minfo[39m" [ Database ]: Database (trading) creating...
2024-12-16 03:21:35 [32minfo[39m" [ Database ]: Password (12345) creating...
2024-12-16 03:21:35 [33mwarn[39m" [ Database ]: Database already exists. (trading)
2024-12-16 03:21:35 [32minfo[39m" [ Server ]: Server is started on 8000 port
2024-12-16 03:21:35 [32minfo[39m" [ Server ]: TraderMade simulator available at http://localhost:8000/api/v1
2024-12-16 03:22:04 [32minfo[39m" [ Server ]: TraderMade simulator initialized
2024-12-16 03:22:04 [32minfo[39m" [ Database ]: Database (trading) creating...
2024-12-16 03:22:04 [32minfo[39m" [ Database ]: Password (12345) creating...
2024-12-16 03:22:04 [32minfo[39m" [ Database ]: Password (127.0.0.1) creating...
2024-12-16 03:22:04 [32minfo[39m" [ Database ]: Database (trading) creating...
2024-12-16 03:22:04 [32minfo[39m" [ Database ]: Password (12345) creating...
2024-12-16 03:22:04 [33mwarn[39m" [ Database ]: Database already exists. (trading)
2024-12-16 03:22:04 [32minfo[39m" [ Server ]: Server is started on 8000 port
2024-12-16 03:22:04 [32minfo[39m" [ Server ]: TraderMade simulator available at http://localhost:8000/api/v1
2024-12-16 17:25:24 [32minfo[39m" [ Server ]: TraderMade simulator initialized
2024-12-16 17:25:24 [32minfo[39m" [ Database ]: Database (trading) creating...
2024-12-16 17:25:24 [32minfo[39m" [ Database ]: Password (12345) creating...
2024-12-16 17:25:24 [32minfo[39m" [ Database ]: Password (127.0.0.1) creating...
2024-12-16 17:25:24 [32minfo[39m" [ Database ]: Database (trading) creating...
2024-12-16 17:25:24 [32minfo[39m" [ Database ]: Password (12345) creating...
2024-12-16 17:25:24 [33mwarn[39m" [ Database ]: Database already exists. (trading)
2024-12-16 17:25:24 [32minfo[39m" [ Server ]: Server is started on 8000 port
2024-12-16 17:25:24 [32minfo[39m" [ Server ]: TraderMade simulator available at http://localhost:8000/api/v1
2024-12-16 17:53:29 [32minfo[39m" [ Server ]: TraderMade simulator initialized
2024-12-16 17:53:29 [32minfo[39m" [ Database ]: Database (trading) creating...
2024-12-16 17:53:29 [32minfo[39m" [ Database ]: Password (12345) creating...
2024-12-16 17:53:29 [32minfo[39m" [ Database ]: Password (127.0.0.1) creating...
2024-12-16 17:53:29 [32minfo[39m" [ Database ]: Database (trading) creating...
2024-12-16 17:53:29 [32minfo[39m" [ Database ]: Password (12345) creating...
2024-12-16 17:53:29 [33mwarn[39m" [ Database ]: Database already exists. (trading)
2024-12-16 17:53:29 [32minfo[39m" [ Server ]: Server is started on 8000 port
2024-12-16 17:53:29 [32minfo[39m" [ Server ]: TraderMade simulator available at http://localhost:8000/api/v1
2024-12-16 22:26:37 [32minfo[39m" [ Server ]: TraderMade simulator initialized
2024-12-16 22:26:37 [32minfo[39m" [ Database ]: Database (trading) creating...
2024-12-16 22:26:37 [32minfo[39m" [ Database ]: Password (12345) creating...
2024-12-16 22:26:37 [32minfo[39m" [ Database ]: Password (127.0.0.1) creating...
2024-12-16 22:26:37 [32minfo[39m" [ Database ]: Database (trading) creating...
2024-12-16 22:26:37 [32minfo[39m" [ Database ]: Password (12345) creating...
2024-12-16 22:26:37 [33mwarn[39m" [ Database ]: Database already exists. (trading)
2024-12-16 22:26:37 [32minfo[39m" [ Server ]: Server is started on 8000 port
2024-12-16 22:26:37 [32minfo[39m" [ Server ]: TraderMade simulator available at http://localhost:8000/api/v1
