2024-12-15 01:59:19 [32minfo[39m" [ Server ]: TraderMade simulator initialized
2024-12-15 01:59:19 [32minfo[39m" [ Database ]: Database (trading) creating...
2024-12-15 01:59:19 [32minfo[39m" [ Database ]: Password (12345) creating...
2024-12-15 01:59:19 [32minfo[39m" [ Database ]: Password (127.0.0.1) creating...
2024-12-15 01:59:19 [32minfo[39m" [ Database ]: Database (trading) creating...
2024-12-15 01:59:19 [32minfo[39m" [ Database ]: Password (12345) creating...
2024-12-15 01:59:20 [32minfo[39m" [ Server ]: Server is started on 8000 port
2024-12-15 01:59:20 [32minfo[39m" [ Server ]: TraderMade simulator available at http://localhost:8000/api/v1
2024-12-15 02:13:43 [32minfo[39m" [ Server ]: TraderMade simulator initialized
2024-12-15 02:13:43 [32minfo[39m" [ Database ]: Database (trading) creating...
2024-12-15 02:13:43 [32minfo[39m" [ Database ]: Password (12345) creating...
2024-12-15 02:13:43 [32minfo[39m" [ Database ]: Password (127.0.0.1) creating...
2024-12-15 02:13:43 [32minfo[39m" [ Database ]: Database (trading) creating...
2024-12-15 02:13:43 [32minfo[39m" [ Database ]: Password (12345) creating...
2024-12-15 02:13:43 [33mwarn[39m" [ Database ]: Database already exists. (trading)
2024-12-15 02:13:43 [32minfo[39m" [ Server ]: Server is started on 8000 port
2024-12-15 02:13:43 [32minfo[39m" [ Server ]: TraderMade simulator available at http://localhost:8000/api/v1
2024-12-15 04:41:21 [32minfo[39m" [ Server ]: TraderMade simulator initialized
2024-12-15 04:41:21 [32minfo[39m" [ Database ]: Database (trading) creating...
2024-12-15 04:41:21 [32minfo[39m" [ Database ]: Password (12345) creating...
2024-12-15 04:41:21 [32minfo[39m" [ Database ]: Password (127.0.0.1) creating...
2024-12-15 04:41:21 [32minfo[39m" [ Database ]: Database (trading) creating...
2024-12-15 04:41:21 [32minfo[39m" [ Database ]: Password (12345) creating...
2024-12-15 04:41:21 [33mwarn[39m" [ Database ]: Database already exists. (trading)
2024-12-15 04:41:21 [32minfo[39m" [ Server ]: Server is started on 8000 port
2024-12-15 04:41:21 [32minfo[39m" [ Server ]: TraderMade simulator available at http://localhost:8000/api/v1
2024-12-15 12:12:55 [32minfo[39m" [ Server ]: TraderMade simulator initialized
2024-12-15 12:12:55 [32minfo[39m" [ Database ]: Database (trading) creating...
2024-12-15 12:12:55 [32minfo[39m" [ Database ]: Password (12345) creating...
2024-12-15 12:12:55 [32minfo[39m" [ Database ]: Password (127.0.0.1) creating...
2024-12-15 12:12:56 [32minfo[39m" [ Database ]: Database (trading) creating...
2024-12-15 12:12:56 [32minfo[39m" [ Database ]: Password (12345) creating...
2024-12-15 12:12:56 [33mwarn[39m" [ Database ]: Database already exists. (trading)
2024-12-15 12:12:56 [32minfo[39m" [ Server ]: Server is started on 8000 port
2024-12-15 12:12:56 [32minfo[39m" [ Server ]: TraderMade simulator available at http://localhost:8000/api/v1
2024-12-15 12:47:18 [32minfo[39m" [ Server ]: TraderMade simulator initialized
2024-12-15 12:47:18 [32minfo[39m" [ Database ]: Database (trading) creating...
2024-12-15 12:47:18 [32minfo[39m" [ Database ]: Password (12345) creating...
2024-12-15 12:47:18 [32minfo[39m" [ Database ]: Password (127.0.0.1) creating...
2024-12-15 12:47:18 [32minfo[39m" [ Database ]: Database (trading) creating...
2024-12-15 12:47:18 [32minfo[39m" [ Database ]: Password (12345) creating...
2024-12-15 12:47:18 [33mwarn[39m" [ Database ]: Database already exists. (trading)
2024-12-15 12:47:18 [32minfo[39m" [ Server ]: Server is started on 8000 port
2024-12-15 12:47:18 [32minfo[39m" [ Server ]: TraderMade simulator available at http://localhost:8000/api/v1
2024-12-15 13:17:59 [32minfo[39m" [ Server ]: TraderMade simulator initialized
2024-12-15 13:17:59 [32minfo[39m" [ Database ]: Database (trading) creating...
2024-12-15 13:18:00 [32minfo[39m" [ Database ]: Password (12345) creating...
2024-12-15 13:18:00 [32minfo[39m" [ Database ]: Password (127.0.0.1) creating...
2024-12-15 13:18:00 [32minfo[39m" [ Database ]: Database (trading) creating...
2024-12-15 13:18:00 [32minfo[39m" [ Database ]: Password (12345) creating...
2024-12-15 13:18:01 [32minfo[39m" [ Server ]: Server is started on 8000 port
2024-12-15 13:18:01 [32minfo[39m" [ Server ]: TraderMade simulator available at http://localhost:8000/api/v1
2024-12-15 13:36:01 [32minfo[39m" [ Server ]: TraderMade simulator initialized
2024-12-15 13:36:01 [32minfo[39m" [ Database ]: Database (trading) creating...
2024-12-15 13:36:01 [32minfo[39m" [ Database ]: Password (12345) creating...
2024-12-15 13:36:01 [32minfo[39m" [ Database ]: Password (127.0.0.1) creating...
2024-12-15 13:36:01 [32minfo[39m" [ Database ]: Database (trading) creating...
2024-12-15 13:36:01 [32minfo[39m" [ Database ]: Password (12345) creating...
2024-12-15 13:36:02 [32minfo[39m" [ Server ]: Server is started on 8000 port
2024-12-15 13:36:02 [32minfo[39m" [ Server ]: TraderMade simulator available at http://localhost:8000/api/v1
2024-12-15 13:47:27 [32minfo[39m" [ Server ]: TraderMade simulator initialized
2024-12-15 13:47:28 [32minfo[39m" [ Database ]: Database (trading) creating...
2024-12-15 13:47:28 [32minfo[39m" [ Database ]: Password (12345) creating...
2024-12-15 13:47:28 [32minfo[39m" [ Database ]: Password (127.0.0.1) creating...
2024-12-15 13:47:28 [32minfo[39m" [ Database ]: Database (trading) creating...
2024-12-15 13:47:28 [32minfo[39m" [ Database ]: Password (12345) creating...
2024-12-15 13:47:28 [33mwarn[39m" [ Database ]: Database already exists. (trading)
2024-12-15 13:47:28 [32minfo[39m" [ Server ]: Server is started on 8000 port
2024-12-15 13:47:28 [32minfo[39m" [ Server ]: TraderMade simulator available at http://localhost:8000/api/v1
2024-12-15 14:34:08 [32minfo[39m" [ Server ]: TraderMade simulator initialized
2024-12-15 14:34:08 [32minfo[39m" [ Database ]: Database (trading) creating...
2024-12-15 14:34:08 [32minfo[39m" [ Database ]: Password (12345) creating...
2024-12-15 14:34:08 [32minfo[39m" [ Database ]: Password (127.0.0.1) creating...
2024-12-15 14:34:08 [32minfo[39m" [ Database ]: Database (trading) creating...
2024-12-15 14:34:08 [32minfo[39m" [ Database ]: Password (12345) creating...
2024-12-15 14:34:08 [33mwarn[39m" [ Database ]: Database already exists. (trading)
2024-12-15 14:34:08 [32minfo[39m" [ Server ]: Server is started on 8000 port
2024-12-15 14:34:08 [32minfo[39m" [ Server ]: TraderMade simulator available at http://localhost:8000/api/v1
2024-12-15 14:56:18 [32minfo[39m" [ Server ]: TraderMade simulator initialized
2024-12-15 14:56:18 [32minfo[39m" [ Database ]: Database (trading) creating...
2024-12-15 14:56:18 [32minfo[39m" [ Database ]: Password (12345) creating...
2024-12-15 14:56:18 [32minfo[39m" [ Database ]: Password (127.0.0.1) creating...
2024-12-15 14:56:18 [32minfo[39m" [ Database ]: Database (trading) creating...
2024-12-15 14:56:18 [32minfo[39m" [ Database ]: Password (12345) creating...
2024-12-15 14:56:18 [33mwarn[39m" [ Database ]: Database already exists. (trading)
2024-12-15 14:56:18 [32minfo[39m" [ Server ]: Server is started on 8000 port
2024-12-15 14:56:18 [32minfo[39m" [ Server ]: TraderMade simulator available at http://localhost:8000/api/v1
2024-12-15 14:57:03 [32minfo[39m" [ Server ]: TraderMade simulator initialized
2024-12-15 14:57:03 [32minfo[39m" [ Database ]: Database (trading) creating...
2024-12-15 14:57:03 [32minfo[39m" [ Database ]: Password (12345) creating...
2024-12-15 14:57:03 [32minfo[39m" [ Database ]: Password (127.0.0.1) creating...
2024-12-15 14:57:03 [32minfo[39m" [ Database ]: Database (trading) creating...
2024-12-15 14:57:03 [32minfo[39m" [ Database ]: Password (12345) creating...
2024-12-15 14:57:03 [33mwarn[39m" [ Database ]: Database already exists. (trading)
2024-12-15 14:57:03 [32minfo[39m" [ Server ]: Server is started on 8000 port
2024-12-15 14:57:03 [32minfo[39m" [ Server ]: TraderMade simulator available at http://localhost:8000/api/v1
2024-12-15 20:46:08 [32minfo[39m" [ Server ]: TraderMade simulator initialized
2024-12-15 20:46:08 [32minfo[39m" [ Database ]: Database (trading) creating...
2024-12-15 20:46:08 [32minfo[39m" [ Database ]: Password (12345) creating...
2024-12-15 20:46:08 [32minfo[39m" [ Database ]: Password (127.0.0.1) creating...
2024-12-15 20:46:09 [32minfo[39m" [ Database ]: Database (trading) creating...
2024-12-15 20:46:09 [32minfo[39m" [ Database ]: Password (12345) creating...
2024-12-15 20:46:09 [33mwarn[39m" [ Database ]: Database already exists. (trading)
2024-12-15 20:46:09 [32minfo[39m" [ Server ]: Server is started on 8000 port
2024-12-15 20:46:09 [32minfo[39m" [ Server ]: TraderMade simulator available at http://localhost:8000/api/v1
2024-12-15 23:35:18 [32minfo[39m" [ Server ]: TraderMade simulator initialized
2024-12-15 23:35:18 [32minfo[39m" [ Database ]: Database (trading) creating...
2024-12-15 23:35:18 [32minfo[39m" [ Database ]: Password (12345) creating...
2024-12-15 23:35:18 [32minfo[39m" [ Database ]: Password (127.0.0.1) creating...
2024-12-15 23:35:18 [32minfo[39m" [ Database ]: Database (trading) creating...
2024-12-15 23:35:18 [32minfo[39m" [ Database ]: Password (12345) creating...
2024-12-15 23:35:18 [33mwarn[39m" [ Database ]: Database already exists. (trading)
2024-12-15 23:35:18 [32minfo[39m" [ Server ]: Server is started on 8000 port
2024-12-15 23:35:18 [32minfo[39m" [ Server ]: TraderMade simulator available at http://localhost:8000/api/v1
2024-12-15 23:36:06 [32minfo[39m" [ Server ]: TraderMade simulator initialized
2024-12-15 23:36:06 [32minfo[39m" [ Database ]: Database (trading) creating...
2024-12-15 23:36:06 [32minfo[39m" [ Database ]: Password (12345) creating...
2024-12-15 23:36:06 [32minfo[39m" [ Database ]: Password (127.0.0.1) creating...
2024-12-15 23:36:07 [32minfo[39m" [ Database ]: Database (trading) creating...
2024-12-15 23:36:07 [32minfo[39m" [ Database ]: Password (12345) creating...
2024-12-15 23:36:07 [33mwarn[39m" [ Database ]: Database already exists. (trading)
2024-12-15 23:36:07 [32minfo[39m" [ Server ]: Server is started on 8000 port
2024-12-15 23:36:07 [32minfo[39m" [ Server ]: TraderMade simulator available at http://localhost:8000/api/v1
2024-12-15 23:41:43 [32minfo[39m" [ Server ]: TraderMade simulator initialized
2024-12-15 23:41:43 [32minfo[39m" [ Database ]: Database (trading) creating...
2024-12-15 23:41:43 [32minfo[39m" [ Database ]: Password (12345) creating...
2024-12-15 23:41:43 [32minfo[39m" [ Database ]: Password (127.0.0.1) creating...
2024-12-15 23:41:43 [32minfo[39m" [ Database ]: Database (trading) creating...
2024-12-15 23:41:43 [32minfo[39m" [ Database ]: Password (12345) creating...
2024-12-15 23:41:43 [33mwarn[39m" [ Database ]: Database already exists. (trading)
2024-12-15 23:41:43 [32minfo[39m" [ Server ]: Server is started on 8000 port
2024-12-15 23:41:43 [32minfo[39m" [ Server ]: TraderMade simulator available at http://localhost:8000/api/v1
2024-12-15 23:42:20 [32minfo[39m" [ Server ]: TraderMade simulator initialized
2024-12-15 23:42:20 [32minfo[39m" [ Database ]: Database (trading) creating...
2024-12-15 23:42:20 [32minfo[39m" [ Database ]: Password (12345) creating...
2024-12-15 23:42:20 [32minfo[39m" [ Database ]: Password (127.0.0.1) creating...
2024-12-15 23:42:20 [32minfo[39m" [ Database ]: Database (trading) creating...
2024-12-15 23:42:20 [32minfo[39m" [ Database ]: Password (12345) creating...
2024-12-15 23:42:20 [33mwarn[39m" [ Database ]: Database already exists. (trading)
2024-12-15 23:42:20 [32minfo[39m" [ Server ]: Server is started on 8000 port
2024-12-15 23:42:20 [32minfo[39m" [ Server ]: TraderMade simulator available at http://localhost:8000/api/v1
2024-12-15 23:42:55 [32minfo[39m" [ Server ]: TraderMade simulator initialized
2024-12-15 23:42:55 [32minfo[39m" [ Database ]: Database (trading) creating...
2024-12-15 23:42:55 [32minfo[39m" [ Database ]: Password (12345) creating...
2024-12-15 23:42:55 [32minfo[39m" [ Database ]: Password (127.0.0.1) creating...
2024-12-15 23:42:55 [32minfo[39m" [ Database ]: Database (trading) creating...
2024-12-15 23:42:55 [32minfo[39m" [ Database ]: Password (12345) creating...
2024-12-15 23:42:55 [33mwarn[39m" [ Database ]: Database already exists. (trading)
2024-12-15 23:42:56 [32minfo[39m" [ Server ]: Server is started on 8000 port
2024-12-15 23:42:56 [32minfo[39m" [ Server ]: TraderMade simulator available at http://localhost:8000/api/v1
2024-12-15 23:43:33 [32minfo[39m" [ Server ]: TraderMade simulator initialized
2024-12-15 23:43:33 [32minfo[39m" [ Database ]: Database (trading) creating...
2024-12-15 23:43:33 [32minfo[39m" [ Database ]: Password (12345) creating...
2024-12-15 23:43:33 [32minfo[39m" [ Database ]: Password (127.0.0.1) creating...
2024-12-15 23:43:33 [32minfo[39m" [ Database ]: Database (trading) creating...
2024-12-15 23:43:33 [32minfo[39m" [ Database ]: Password (12345) creating...
2024-12-15 23:43:33 [33mwarn[39m" [ Database ]: Database already exists. (trading)
2024-12-15 23:43:33 [32minfo[39m" [ Server ]: Server is started on 8000 port
2024-12-15 23:43:33 [32minfo[39m" [ Server ]: TraderMade simulator available at http://localhost:8000/api/v1
2024-12-15 23:44:29 [32minfo[39m" [ Server ]: TraderMade simulator initialized
2024-12-15 23:44:29 [32minfo[39m" [ Database ]: Database (trading) creating...
2024-12-15 23:44:29 [32minfo[39m" [ Database ]: Password (12345) creating...
2024-12-15 23:44:29 [32minfo[39m" [ Database ]: Password (127.0.0.1) creating...
2024-12-15 23:44:29 [32minfo[39m" [ Database ]: Database (trading) creating...
2024-12-15 23:44:29 [32minfo[39m" [ Database ]: Password (12345) creating...
2024-12-15 23:44:29 [33mwarn[39m" [ Database ]: Database already exists. (trading)
2024-12-15 23:44:29 [32minfo[39m" [ Server ]: Server is started on 8000 port
2024-12-15 23:44:29 [32minfo[39m" [ Server ]: TraderMade simulator available at http://localhost:8000/api/v1
2024-12-15 23:57:02 [32minfo[39m" [ Server ]: TraderMade simulator initialized
2024-12-15 23:57:02 [32minfo[39m" [ Database ]: Database (trading) creating...
2024-12-15 23:57:02 [32minfo[39m" [ Database ]: Password (12345) creating...
2024-12-15 23:57:02 [32minfo[39m" [ Database ]: Password (127.0.0.1) creating...
2024-12-15 23:57:02 [32minfo[39m" [ Database ]: Database (trading) creating...
2024-12-15 23:57:02 [32minfo[39m" [ Database ]: Password (12345) creating...
2024-12-15 23:57:02 [33mwarn[39m" [ Database ]: Database already exists. (trading)
2024-12-15 23:57:03 [32minfo[39m" [ Server ]: Server is started on 8000 port
2024-12-15 23:57:03 [32minfo[39m" [ Server ]: TraderMade simulator available at http://localhost:8000/api/v1
2024-12-15 23:57:36 [32minfo[39m" [ Server ]: TraderMade simulator initialized
2024-12-15 23:57:36 [32minfo[39m" [ Database ]: Database (trading) creating...
2024-12-15 23:57:36 [32minfo[39m" [ Database ]: Password (12345) creating...
2024-12-15 23:57:36 [32minfo[39m" [ Database ]: Password (127.0.0.1) creating...
2024-12-15 23:57:36 [32minfo[39m" [ Database ]: Database (trading) creating...
2024-12-15 23:57:36 [32minfo[39m" [ Database ]: Password (12345) creating...
2024-12-15 23:57:36 [33mwarn[39m" [ Database ]: Database already exists. (trading)
2024-12-15 23:57:37 [32minfo[39m" [ Server ]: Server is started on 8000 port
2024-12-15 23:57:37 [32minfo[39m" [ Server ]: TraderMade simulator available at http://localhost:8000/api/v1
2024-12-15 23:59:27 [32minfo[39m" [ Server ]: TraderMade simulator initialized
2024-12-15 23:59:27 [32minfo[39m" [ Database ]: Database (trading) creating...
2024-12-15 23:59:27 [32minfo[39m" [ Database ]: Password (12345) creating...
2024-12-15 23:59:27 [32minfo[39m" [ Database ]: Password (127.0.0.1) creating...
2024-12-15 23:59:27 [32minfo[39m" [ Database ]: Database (trading) creating...
2024-12-15 23:59:27 [32minfo[39m" [ Database ]: Password (12345) creating...
2024-12-15 23:59:27 [33mwarn[39m" [ Database ]: Database already exists. (trading)
2024-12-15 23:59:28 [32minfo[39m" [ Server ]: Server is started on 8000 port
2024-12-15 23:59:28 [32minfo[39m" [ Server ]: TraderMade simulator available at http://localhost:8000/api/v1
