2024-12-17 16:18:44 [32minfo[39m" [ Server ]: TraderMade simulator initialized
2024-12-17 16:18:44 [32minfo[39m" [ Database ]: Database (trading) creating...
2024-12-17 16:18:44 [32minfo[39m" [ Database ]: Password (12345) creating...
2024-12-17 16:18:44 [32minfo[39m" [ Database ]: Password (127.0.0.1) creating...
2024-12-17 16:18:45 [32minfo[39m" [ Database ]: Database (trading) creating...
2024-12-17 16:18:45 [32minfo[39m" [ Database ]: Password (12345) creating...
2024-12-17 16:18:45 [33mwarn[39m" [ Database ]: Database already exists. (trading)
2024-12-17 16:18:45 [32minfo[39m" [ Server ]: Server is started on 8000 port
2024-12-17 16:18:45 [32minfo[39m" [ Server ]: TraderMade simulator available at http://localhost:8000/api/v1
2024-12-17 16:53:26 [32minfo[39m" [ Server ]: TraderMade simulator initialized
2024-12-17 16:53:26 [32minfo[39m" [ Database ]: Database (trading) creating...
2024-12-17 16:53:26 [32minfo[39m" [ Database ]: Password (12345) creating...
2024-12-17 16:53:26 [32minfo[39m" [ Database ]: Password (127.0.0.1) creating...
2024-12-17 16:53:27 [32minfo[39m" [ Database ]: Database (trading) creating...
2024-12-17 16:53:27 [32minfo[39m" [ Database ]: Password (12345) creating...
2024-12-17 16:53:27 [33mwarn[39m" [ Database ]: Database already exists. (trading)
2024-12-17 16:53:27 [32minfo[39m" [ Server ]: Server is started on 8000 port
2024-12-17 16:53:27 [32minfo[39m" [ Server ]: TraderMade simulator available at http://localhost:8000/api/v1
2024-12-17 16:57:43 [32minfo[39m" [ Server ]: TraderMade simulator initialized
2024-12-17 16:57:43 [32minfo[39m" [ Database ]: Database (trading) creating...
2024-12-17 16:57:43 [32minfo[39m" [ Database ]: Password (12345) creating...
2024-12-17 16:57:43 [32minfo[39m" [ Database ]: Password (127.0.0.1) creating...
2024-12-17 16:57:43 [32minfo[39m" [ Database ]: Database (trading) creating...
2024-12-17 16:57:43 [32minfo[39m" [ Database ]: Password (12345) creating...
2024-12-17 16:57:43 [33mwarn[39m" [ Database ]: Database already exists. (trading)
2024-12-17 16:57:43 [32minfo[39m" [ Server ]: Server is started on 8000 port
2024-12-17 16:57:43 [32minfo[39m" [ Server ]: TraderMade simulator available at http://localhost:8000/api/v1
2024-12-17 16:58:35 [32minfo[39m" [ Server ]: TraderMade simulator initialized
2024-12-17 16:58:35 [32minfo[39m" [ Database ]: Database (trading) creating...
2024-12-17 16:58:35 [32minfo[39m" [ Database ]: Password (12345) creating...
2024-12-17 16:58:35 [32minfo[39m" [ Database ]: Password (127.0.0.1) creating...
2024-12-17 16:58:35 [32minfo[39m" [ Database ]: Database (trading) creating...
2024-12-17 16:58:35 [32minfo[39m" [ Database ]: Password (12345) creating...
2024-12-17 16:58:35 [33mwarn[39m" [ Database ]: Database already exists. (trading)
2024-12-17 16:58:36 [32minfo[39m" [ Server ]: Server is started on 8000 port
2024-12-17 16:58:36 [32minfo[39m" [ Server ]: TraderMade simulator available at http://localhost:8000/api/v1
2024-12-17 17:02:53 [32minfo[39m" [ Server ]: TraderMade simulator initialized
2024-12-17 17:02:53 [32minfo[39m" [ Database ]: Database (trading) creating...
2024-12-17 17:02:53 [32minfo[39m" [ Database ]: Password (12345) creating...
2024-12-17 17:02:53 [32minfo[39m" [ Database ]: Password (127.0.0.1) creating...
2024-12-17 17:02:53 [32minfo[39m" [ Database ]: Database (trading) creating...
2024-12-17 17:02:53 [32minfo[39m" [ Database ]: Password (12345) creating...
2024-12-17 17:02:53 [33mwarn[39m" [ Database ]: Database already exists. (trading)
2024-12-17 17:02:53 [32minfo[39m" [ Server ]: Server is started on 8000 port
2024-12-17 17:02:53 [32minfo[39m" [ Server ]: TraderMade simulator available at http://localhost:8000/api/v1
2024-12-17 17:09:04 [32minfo[39m" [ Server ]: TraderMade simulator initialized
2024-12-17 17:09:04 [32minfo[39m" [ Database ]: Database (trading) creating...
2024-12-17 17:09:04 [32minfo[39m" [ Database ]: Password (12345) creating...
2024-12-17 17:09:04 [32minfo[39m" [ Database ]: Password (127.0.0.1) creating...
2024-12-17 17:09:04 [32minfo[39m" [ Database ]: Database (trading) creating...
2024-12-17 17:09:04 [32minfo[39m" [ Database ]: Password (12345) creating...
2024-12-17 17:09:04 [33mwarn[39m" [ Database ]: Database already exists. (trading)
2024-12-17 17:09:05 [32minfo[39m" [ Server ]: Server is started on 8000 port
2024-12-17 17:09:05 [32minfo[39m" [ Server ]: TraderMade simulator available at http://localhost:8000/api/v1
2024-12-17 17:17:18 [32minfo[39m" [ Server ]: TraderMade simulator initialized
2024-12-17 17:17:18 [32minfo[39m" [ Database ]: Database (trading) creating...
2024-12-17 17:17:18 [32minfo[39m" [ Database ]: Password (12345) creating...
2024-12-17 17:17:18 [32minfo[39m" [ Database ]: Password (127.0.0.1) creating...
2024-12-17 17:17:18 [32minfo[39m" [ Database ]: Database (trading) creating...
2024-12-17 17:17:18 [32minfo[39m" [ Database ]: Password (12345) creating...
2024-12-17 17:17:18 [33mwarn[39m" [ Database ]: Database already exists. (trading)
2024-12-17 17:17:19 [32minfo[39m" [ Server ]: Server is started on 8000 port
2024-12-17 17:17:19 [32minfo[39m" [ Server ]: TraderMade simulator available at http://localhost:8000/api/v1
2024-12-17 17:40:41 [32minfo[39m" [ Server ]: TraderMade simulator initialized
2024-12-17 17:40:41 [32minfo[39m" [ Database ]: Database (trading) creating...
2024-12-17 17:40:41 [32minfo[39m" [ Database ]: Password (12345) creating...
2024-12-17 17:40:41 [32minfo[39m" [ Database ]: Password (127.0.0.1) creating...
2024-12-17 17:40:42 [32minfo[39m" [ Database ]: Database (trading) creating...
2024-12-17 17:40:42 [32minfo[39m" [ Database ]: Password (12345) creating...
2024-12-17 17:40:42 [33mwarn[39m" [ Database ]: Database already exists. (trading)
2024-12-17 17:40:42 [32minfo[39m" [ Server ]: Server is started on 8000 port
2024-12-17 17:40:42 [32minfo[39m" [ Server ]: TraderMade simulator available at http://localhost:8000/api/v1
2024-12-17 17:50:35 [32minfo[39m" [ Server ]: TraderMade simulator initialized
2024-12-17 17:50:35 [32minfo[39m" [ Database ]: Database (trading) creating...
2024-12-17 17:50:35 [32minfo[39m" [ Database ]: Password (12345) creating...
2024-12-17 17:50:35 [32minfo[39m" [ Database ]: Password (127.0.0.1) creating...
2024-12-17 17:50:35 [32minfo[39m" [ Database ]: Database (trading) creating...
2024-12-17 17:50:35 [32minfo[39m" [ Database ]: Password (12345) creating...
2024-12-17 17:50:35 [33mwarn[39m" [ Database ]: Database already exists. (trading)
2024-12-17 17:50:35 [32minfo[39m" [ Server ]: Server is started on 8000 port
2024-12-17 17:50:35 [32minfo[39m" [ Server ]: TraderMade simulator available at http://localhost:8000/api/v1
2024-12-17 17:52:23 [32minfo[39m" [ Server ]: TraderMade simulator initialized
2024-12-17 17:52:23 [32minfo[39m" [ Database ]: Database (trading) creating...
2024-12-17 17:52:23 [32minfo[39m" [ Database ]: Password (12345) creating...
2024-12-17 17:52:23 [32minfo[39m" [ Database ]: Password (127.0.0.1) creating...
2024-12-17 17:52:23 [32minfo[39m" [ Database ]: Database (trading) creating...
2024-12-17 17:52:23 [32minfo[39m" [ Database ]: Password (12345) creating...
2024-12-17 17:52:23 [33mwarn[39m" [ Database ]: Database already exists. (trading)
2024-12-17 17:52:23 [32minfo[39m" [ Server ]: Server is started on 8000 port
2024-12-17 17:52:23 [32minfo[39m" [ Server ]: TraderMade simulator available at http://localhost:8000/api/v1
2024-12-17 18:28:58 [32minfo[39m" [ Server ]: TraderMade simulator initialized
2024-12-17 18:28:58 [32minfo[39m" [ Database ]: Database (trading) creating...
2024-12-17 18:28:58 [32minfo[39m" [ Database ]: Password (12345) creating...
2024-12-17 18:28:58 [32minfo[39m" [ Database ]: Password (127.0.0.1) creating...
2024-12-17 18:28:58 [32minfo[39m" [ Database ]: Database (trading) creating...
2024-12-17 18:28:58 [32minfo[39m" [ Database ]: Password (12345) creating...
2024-12-17 18:28:58 [33mwarn[39m" [ Database ]: Database already exists. (trading)
2024-12-17 18:28:58 [32minfo[39m" [ Server ]: Server is started on 8000 port
2024-12-17 18:28:58 [32minfo[39m" [ Server ]: TraderMade simulator available at http://localhost:8000/api/v1
2024-12-17 18:30:08 [32minfo[39m" [ Server ]: TraderMade simulator initialized
2024-12-17 18:30:08 [32minfo[39m" [ Database ]: Database (trading) creating...
2024-12-17 18:30:08 [32minfo[39m" [ Database ]: Password (12345) creating...
2024-12-17 18:30:08 [32minfo[39m" [ Database ]: Password (127.0.0.1) creating...
2024-12-17 18:30:08 [32minfo[39m" [ Database ]: Database (trading) creating...
2024-12-17 18:30:08 [32minfo[39m" [ Database ]: Password (12345) creating...
2024-12-17 18:30:08 [33mwarn[39m" [ Database ]: Database already exists. (trading)
2024-12-17 18:30:08 [32minfo[39m" [ Server ]: Server is started on 8000 port
2024-12-17 18:30:08 [32minfo[39m" [ Server ]: TraderMade simulator available at http://localhost:8000/api/v1
2024-12-17 18:31:43 [32minfo[39m" [ Server ]: TraderMade simulator initialized
2024-12-17 18:31:43 [32minfo[39m" [ Database ]: Database (trading) creating...
2024-12-17 18:31:43 [32minfo[39m" [ Database ]: Password (12345) creating...
2024-12-17 18:31:43 [32minfo[39m" [ Database ]: Password (127.0.0.1) creating...
2024-12-17 18:31:43 [32minfo[39m" [ Database ]: Database (trading) creating...
2024-12-17 18:31:43 [32minfo[39m" [ Database ]: Password (12345) creating...
2024-12-17 18:31:43 [33mwarn[39m" [ Database ]: Database already exists. (trading)
2024-12-17 18:31:43 [32minfo[39m" [ Server ]: Server is started on 8000 port
2024-12-17 18:31:43 [32minfo[39m" [ Server ]: TraderMade simulator available at http://localhost:8000/api/v1
2024-12-17 18:32:11 [32minfo[39m" [ Server ]: TraderMade simulator initialized
2024-12-17 18:32:11 [32minfo[39m" [ Database ]: Database (trading) creating...
2024-12-17 18:32:11 [32minfo[39m" [ Database ]: Password (12345) creating...
2024-12-17 18:32:11 [32minfo[39m" [ Database ]: Password (127.0.0.1) creating...
2024-12-17 18:32:11 [32minfo[39m" [ Database ]: Database (trading) creating...
2024-12-17 18:32:11 [32minfo[39m" [ Database ]: Password (12345) creating...
2024-12-17 18:32:11 [33mwarn[39m" [ Database ]: Database already exists. (trading)
2024-12-17 18:32:12 [32minfo[39m" [ Server ]: Server is started on 8000 port
2024-12-17 18:32:12 [32minfo[39m" [ Server ]: TraderMade simulator available at http://localhost:8000/api/v1
2024-12-17 18:32:29 [32minfo[39m" [ Server ]: TraderMade simulator initialized
2024-12-17 18:32:29 [32minfo[39m" [ Database ]: Database (trading) creating...
2024-12-17 18:32:29 [32minfo[39m" [ Database ]: Password (12345) creating...
2024-12-17 18:32:29 [32minfo[39m" [ Database ]: Password (127.0.0.1) creating...
2024-12-17 18:32:29 [32minfo[39m" [ Database ]: Database (trading) creating...
2024-12-17 18:32:29 [32minfo[39m" [ Database ]: Password (12345) creating...
2024-12-17 18:32:29 [33mwarn[39m" [ Database ]: Database already exists. (trading)
2024-12-17 18:32:29 [32minfo[39m" [ Server ]: Server is started on 8000 port
2024-12-17 18:32:29 [32minfo[39m" [ Server ]: TraderMade simulator available at http://localhost:8000/api/v1
2024-12-17 18:37:10 [32minfo[39m" [ Server ]: TraderMade simulator initialized
2024-12-17 18:37:10 [32minfo[39m" [ Database ]: Database (trading) creating...
2024-12-17 18:37:10 [32minfo[39m" [ Database ]: Password (12345) creating...
2024-12-17 18:37:10 [32minfo[39m" [ Database ]: Password (127.0.0.1) creating...
2024-12-17 18:37:10 [32minfo[39m" [ Database ]: Database (trading) creating...
2024-12-17 18:37:10 [32minfo[39m" [ Database ]: Password (12345) creating...
2024-12-17 18:37:10 [33mwarn[39m" [ Database ]: Database already exists. (trading)
2024-12-17 18:37:10 [32minfo[39m" [ Server ]: Server is started on 8000 port
2024-12-17 18:37:10 [32minfo[39m" [ Server ]: TraderMade simulator available at http://localhost:8000/api/v1
2024-12-17 20:57:52 [32minfo[39m" [ Server ]: TraderMade simulator initialized
2024-12-17 20:57:52 [32minfo[39m" [ Database ]: Database (trading) creating...
2024-12-17 20:57:52 [32minfo[39m" [ Database ]: Password (12345) creating...
2024-12-17 20:57:52 [32minfo[39m" [ Database ]: Password (127.0.0.1) creating...
2024-12-17 20:57:53 [32minfo[39m" [ Database ]: Database (trading) creating...
2024-12-17 20:57:53 [32minfo[39m" [ Database ]: Password (12345) creating...
2024-12-17 20:57:53 [33mwarn[39m" [ Database ]: Database already exists. (trading)
2024-12-17 20:57:53 [32minfo[39m" [ Server ]: Server is started on 8000 port
2024-12-17 20:57:53 [32minfo[39m" [ Server ]: TraderMade simulator available at http://localhost:8000/api/v1
2024-12-17 23:58:01 [32minfo[39m" [ Server ]: TraderMade simulator initialized
2024-12-17 23:58:01 [32minfo[39m" [ Database ]: Database (trading) creating...
2024-12-17 23:58:01 [32minfo[39m" [ Database ]: Password (12345) creating...
2024-12-17 23:58:01 [32minfo[39m" [ Database ]: Password (127.0.0.1) creating...
2024-12-17 23:58:01 [32minfo[39m" [ Database ]: Database (trading) creating...
2024-12-17 23:58:01 [32minfo[39m" [ Database ]: Password (12345) creating...
2024-12-17 23:58:01 [33mwarn[39m" [ Database ]: Database already exists. (trading)
2024-12-17 23:58:01 [32minfo[39m" [ Server ]: Server is started on 8000 port
2024-12-17 23:58:01 [32minfo[39m" [ Server ]: TraderMade simulator available at http://localhost:8000/api/v1
