2025-01-09 15:15:01 [32minfo[39m" [ Server ]: TraderMade simulator initialized
2025-01-09 15:15:01 [32minfo[39m" [ Database ]: Database (trading) creating...
2025-01-09 15:15:01 [32minfo[39m" [ Database ]: Password (12345) creating...
2025-01-09 15:15:01 [32minfo[39m" [ Database ]: Password (127.0.0.1) creating...
2025-01-09 15:15:02 [32minfo[39m" [ Database ]: Database (trading) creating...
2025-01-09 15:15:02 [32minfo[39m" [ Database ]: Password (12345) creating...
2025-01-09 15:15:02 [33mwarn[39m" [ Database ]: Database already exists. (trading)
2025-01-09 15:15:02 [32minfo[39m" [ Server ]: Server is started on 8000 port
2025-01-09 15:15:02 [32minfo[39m" [ Server ]: TraderMade simulator available at http://localhost:8000/api/v1
2025-01-09 16:52:27 [32minfo[39m" [ Server ]: TraderMade simulator initialized
2025-01-09 16:52:27 [32minfo[39m" [ Database ]: Database (trading) creating...
2025-01-09 16:52:27 [32minfo[39m" [ Database ]: Password (12345) creating...
2025-01-09 16:52:27 [32minfo[39m" [ Database ]: Password (localhost) creating...
2025-01-09 16:52:27 [32minfo[39m" [ Database ]: Database (trading) creating...
2025-01-09 16:52:27 [32minfo[39m" [ Database ]: Password (12345) creating...
2025-01-09 16:52:27 [33mwarn[39m" [ Database ]: Database already exists. (trading)
2025-01-09 16:52:27 [32minfo[39m" [ Server ]: Server is started on 8000 port
2025-01-09 16:52:27 [32minfo[39m" [ Server ]: TraderMade simulator available at http://localhost:8000/api/v1
2025-01-09 17:13:50 [32minfo[39m" [ Server ]: TraderMade simulator initialized
2025-01-09 17:13:50 [32minfo[39m" [ Database ]: Database (trading) creating...
2025-01-09 17:13:50 [32minfo[39m" [ Database ]: Password (12345) creating...
2025-01-09 17:13:50 [32minfo[39m" [ Database ]: Password (localhost) creating...
2025-01-09 17:13:50 [32minfo[39m" [ Database ]: Database (trading) creating...
2025-01-09 17:13:50 [32minfo[39m" [ Database ]: Password (12345) creating...
2025-01-09 17:13:50 [33mwarn[39m" [ Database ]: Database already exists. (trading)
2025-01-09 17:13:50 [32minfo[39m" [ Server ]: Server is started on 8000 port
2025-01-09 17:13:50 [32minfo[39m" [ Server ]: TraderMade simulator available at http://localhost:8000/api/v1
